  Enemy.cpp
  Entity.cpp
F:\Portfolio\SFML\SFML\SFML\SFML\Entity.cpp(157,12): warning C4244: 'initializing': conversion from 'T' to 'int', possible loss of data
          with
          [
              T=float
          ]
F:\Portfolio\SFML\SFML\SFML\SFML\Entity.cpp(158,12): warning C4244: 'initializing': conversion from 'T' to 'int', possible loss of data
          with
          [
              T=float
          ]
  Game.cpp
F:\Portfolio\SFML\SFML\SFML\SFML\Game.cpp(291,20): warning C4018: '<': signed/unsigned mismatch
F:\Portfolio\SFML\SFML\SFML\SFML\Game.cpp(298,20): warning C4018: '<': signed/unsigned mismatch
  GoalObject.cpp
  MapReader.cpp
F:\Portfolio\SFML\SFML\SFML\SFML\MapReader.cpp(68,62): warning C4244: 'argument': conversion from 'int' to 'T', possible loss of data
          with
          [
              T=float
          ]
F:\Portfolio\SFML\SFML\SFML\SFML\MapReader.cpp(68,45): warning C4244: 'argument': conversion from 'int' to 'T', possible loss of data
          with
          [
              T=float
          ]
F:\Portfolio\SFML\SFML\SFML\SFML\MapReader.cpp(72,76): warning C4244: 'argument': conversion from 'int' to 'T', possible loss of data
          with
          [
              T=float
          ]
F:\Portfolio\SFML\SFML\SFML\SFML\MapReader.cpp(72,59): warning C4244: 'argument': conversion from 'int' to 'T', possible loss of data
          with
          [
              T=float
          ]
F:\Portfolio\SFML\SFML\SFML\SFML\MapReader.cpp(76,76): warning C4244: 'argument': conversion from 'int' to 'T', possible loss of data
          with
          [
              T=float
          ]
F:\Portfolio\SFML\SFML\SFML\SFML\MapReader.cpp(76,59): warning C4244: 'argument': conversion from 'int' to 'T', possible loss of data
          with
          [
              T=float
          ]
F:\Portfolio\SFML\SFML\SFML\SFML\MapReader.cpp(80,76): warning C4244: 'argument': conversion from 'int' to 'T', possible loss of data
          with
          [
              T=float
          ]
F:\Portfolio\SFML\SFML\SFML\SFML\MapReader.cpp(80,59): warning C4244: 'argument': conversion from 'int' to 'T', possible loss of data
          with
          [
              T=float
          ]
F:\Portfolio\SFML\SFML\SFML\SFML\MapReader.cpp(84,76): warning C4244: 'argument': conversion from 'int' to 'T', possible loss of data
          with
          [
              T=float
          ]
F:\Portfolio\SFML\SFML\SFML\SFML\MapReader.cpp(84,59): warning C4244: 'argument': conversion from 'int' to 'T', possible loss of data
          with
          [
              T=float
          ]
F:\Portfolio\SFML\SFML\SFML\SFML\MapReader.cpp(88,76): warning C4244: 'argument': conversion from 'int' to 'T', possible loss of data
          with
          [
              T=float
          ]
F:\Portfolio\SFML\SFML\SFML\SFML\MapReader.cpp(88,59): warning C4244: 'argument': conversion from 'int' to 'T', possible loss of data
          with
          [
              T=float
          ]
F:\Portfolio\SFML\SFML\SFML\SFML\MapReader.cpp(92,70): warning C4244: 'argument': conversion from 'int' to 'T', possible loss of data
          with
          [
              T=float
          ]
F:\Portfolio\SFML\SFML\SFML\SFML\MapReader.cpp(92,53): warning C4244: 'argument': conversion from 'int' to 'T', possible loss of data
          with
          [
              T=float
          ]
F:\Portfolio\SFML\SFML\SFML\SFML\MapReader.cpp(107,55): warning C4244: 'argument': conversion from 'int' to 'T', possible loss of data
          with
          [
              T=float
          ]
F:\Portfolio\SFML\SFML\SFML\SFML\MapReader.cpp(107,38): warning C4244: 'argument': conversion from 'int' to 'T', possible loss of data
          with
          [
              T=float
          ]
F:\Portfolio\SFML\SFML\SFML\SFML\MapReader.cpp(108,61): warning C4244: 'argument': conversion from 'int' to 'T', possible loss of data
          with
          [
              T=float
          ]
F:\Portfolio\SFML\SFML\SFML\SFML\MapReader.cpp(108,44): warning C4244: 'argument': conversion from 'int' to 'T', possible loss of data
          with
          [
              T=float
          ]
F:\Portfolio\SFML\SFML\SFML\SFML\MapReader.cpp(109,67): warning C4244: 'argument': conversion from 'int' to 'T', possible loss of data
          with
          [
              T=float
          ]
F:\Portfolio\SFML\SFML\SFML\SFML\MapReader.cpp(109,44): warning C4244: 'argument': conversion from 'int' to 'T', possible loss of data
          with
          [
              T=float
          ]
F:\Portfolio\SFML\SFML\SFML\SFML\MapReader.cpp(110,61): warning C4244: 'argument': conversion from 'int' to 'T', possible loss of data
          with
          [
              T=float
          ]
F:\Portfolio\SFML\SFML\SFML\SFML\MapReader.cpp(110,38): warning C4244: 'argument': conversion from 'int' to 'T', possible loss of data
          with
          [
              T=float
          ]
F:\Portfolio\SFML\SFML\SFML\SFML\MapReader.cpp(113,58): warning C4244: 'argument': conversion from 'int' to 'T', possible loss of data
          with
          [
              T=float
          ]
F:\Portfolio\SFML\SFML\SFML\SFML\MapReader.cpp(113,40): warning C4244: 'argument': conversion from 'int' to 'T', possible loss of data
          with
          [
              T=float
          ]
F:\Portfolio\SFML\SFML\SFML\SFML\MapReader.cpp(114,64): warning C4244: 'argument': conversion from 'int' to 'T', possible loss of data
          with
          [
              T=float
          ]
F:\Portfolio\SFML\SFML\SFML\SFML\MapReader.cpp(114,46): warning C4244: 'argument': conversion from 'int' to 'T', possible loss of data
          with
          [
              T=float
          ]
F:\Portfolio\SFML\SFML\SFML\SFML\MapReader.cpp(115,70): warning C4244: 'argument': conversion from 'int' to 'T', possible loss of data
          with
          [
              T=float
          ]
F:\Portfolio\SFML\SFML\SFML\SFML\MapReader.cpp(115,46): warning C4244: 'argument': conversion from 'int' to 'T', possible loss of data
          with
          [
              T=float
          ]
F:\Portfolio\SFML\SFML\SFML\SFML\MapReader.cpp(116,64): warning C4244: 'argument': conversion from 'int' to 'T', possible loss of data
          with
          [
              T=float
          ]
F:\Portfolio\SFML\SFML\SFML\SFML\MapReader.cpp(116,40): warning C4244: 'argument': conversion from 'int' to 'T', possible loss of data
          with
          [
              T=float
          ]
F:\Portfolio\SFML\SFML\SFML\SFML\MapReader.cpp(122,95): warning C4244: 'argument': conversion from 'const int' to 'T', possible loss of data
          with
          [
              T=float
          ]
F:\Portfolio\SFML\SFML\SFML\SFML\MapReader.cpp(122,82): warning C4244: 'argument': conversion from 'const int' to 'T', possible loss of data
          with
          [
              T=float
          ]
  Object.cpp
  Player.cpp
F:\Portfolio\SFML\SFML\SFML\SFML\Player.cpp(57,76): warning C4244: 'argument': conversion from 'const T' to 'int', possible loss of data
          with
          [
              T=float
          ]
  PointObject.cpp
  Projectile.cpp
F:\Portfolio\SFML\SFML\SFML\SFML\Projectile.cpp(25,63): warning C4244: 'argument': conversion from 'T' to 'int', possible loss of data
          with
          [
              T=float
          ]
F:\Portfolio\SFML\SFML\SFML\SFML\Projectile.cpp(28,63): warning C4244: 'argument': conversion from 'T' to 'int', possible loss of data
          with
          [
              T=float
          ]
  main.cpp
  Generating Code...
  SFML.vcxproj -> F:\Portfolio\SFML\SFML\SFML\Debug\SFML.exe
